<?xml version='1.0' encoding='UTF-8' ?>
<testsuite name="junit.framework.TestSuite$1" tests="1" failures="1" errors="0" skipped="0" time="0.208" timestamp="2022-05-10T05:03:54" hostname="localhost">
  <properties>
    <property name="device" value="Pixel_5_API_30(AVD) - 11" />
    <property name="flavor" value="" />
    <property name="project" value="app" />
  </properties>
  <testcase name="warning" classname="junit.framework.TestSuite$1" time="0.111">
    <failure>junit.framework.AssertionFailedError: No tests found in lk.ac.mrt.cse.dbs.simpleexpensemanager.ApplicationTest
at android.test.AndroidTestRunner.runTest(AndroidTestRunner.java:195)
at android.test.AndroidTestRunner.runTest(AndroidTestRunner.java:181)
at android.test.InstrumentationTestRunner.onStart(InstrumentationTestRunner.java:564)
at android.app.Instrumentation$InstrumentationThread.run(Instrumentation.java:2205)</failure>
  </testcase>
</testsuite>